# JRE version: OpenJDK Runtime Environment (8.0_242-b01) (build 1.8.0_242-release-1644-b01)
# Java VM: OpenJDK 64-Bit Server VM (25.242-b01 mixed mode windows-amd64 compressed oops)
Heap:
 PSYoungGen      total 176128K, used 38048K [0x00000000e0000000, 0x00000000eec00000, 0x0000000100000000)
  eden space 158720K, 13% used [0x00000000e0000000,0x00000000e142ebf8,0x00000000e9b00000)
  from space 17408K, 99% used [0x00000000e9b00000,0x00000000eabf9730,0x00000000eac00000)
  to   space 20992K, 0% used [0x00000000ed780000,0x00000000ed780000,0x00000000eec00000)
 ParOldGen       total 84480K, used 23085K [0x00000000a0000000, 0x00000000a5280000, 0x00000000e0000000)
  object space 84480K, 27% used [0x00000000a0000000,0x00000000a168b798,0x00000000a5280000)
 Metaspace       used 55297K, capacity 57902K, committed 58112K, reserved 1099776K
  class space    used 7393K, capacity 7931K, committed 7936K, reserved 1048576K
GC Heap History (10 events):
Event: 5.156 GC heap before
{Heap before GC invocations=9 (full 1):
 PSYoungGen      total 138752K, used 47842K [0x00000000e0000000, 0x00000000e9300000, 0x0000000100000000)
  eden space 126976K, 28% used [0x00000000e0000000,0x00000000e233fc28,0x00000000e7c00000)
  from space 11776K, 99% used [0x00000000e7c00000,0x00000000e8778f30,0x00000000e8780000)
  to   space 11776K, 0% used [0x00000000e8780000,0x00000000e8780000,0x00000000e9300000)
 ParOldGen       total 58368K, used 14359K [0x00000000a0000000, 0x00000000a3900000, 0x00000000e0000000)
  object space 58368K, 24% used [0x00000000a0000000,0x00000000a0e05f28,0x00000000a3900000)
 Metaspace       used 34316K, capacity 35400K, committed 35456K, reserved 1079296K
  class space    used 4699K, capacity 4940K, committed 4992K, reserved 1048576K
Event: 5.169 GC heap after
Heap after GC invocations=9 (full 1):
 PSYoungGen      total 138752K, used 9355K [0x00000000e0000000, 0x00000000e9300000, 0x0000000100000000)
  eden space 126976K, 0% used [0x00000000e0000000,0x00000000e0000000,0x00000000e7c00000)
  from space 11776K, 79% used [0x00000000e8780000,0x00000000e90a2ff0,0x00000000e9300000)
  to   space 11776K, 0% used [0x00000000e7c00000,0x00000000e7c00000,0x00000000e8780000)
 ParOldGen       total 58368K, used 14367K [0x00000000a0000000, 0x00000000a3900000, 0x00000000e0000000)
  object space 58368K, 24% used [0x00000000a0000000,0x00000000a0e07f28,0x00000000a3900000)
 Metaspace       used 34316K, capacity 35400K, committed 35456K, reserved 1079296K
  class space    used 4699K, capacity 4940K, committed 4992K, reserved 1048576K
}
Event: 5.170 GC heap before
{Heap before GC invocations=10 (full 2):
 PSYoungGen      total 138752K, used 9355K [0x00000000e0000000, 0x00000000e9300000, 0x0000000100000000)
  eden space 126976K, 0% used [0x00000000e0000000,0x00000000e0000000,0x00000000e7c00000)
  from space 11776K, 79% used [0x00000000e8780000,0x00000000e90a2ff0,0x00000000e9300000)
  to   space 11776K, 0% used [0x00000000e7c00000,0x00000000e7c00000,0x00000000e8780000)
 ParOldGen       total 58368K, used 14367K [0x00000000a0000000, 0x00000000a3900000, 0x00000000e0000000)
  object space 58368K, 24% used [0x00000000a0000000,0x00000000a0e07f28,0x00000000a3900000)
 Metaspace       used 34316K, capacity 35400K, committed 35456K, reserved 1079296K
  class space    used 4699K, capacity 4940K, committed 4992K, reserved 1048576K
Event: 5.244 GC heap after
Heap after GC invocations=10 (full 2):
 PSYoungGen      total 138752K, used 0K [0x00000000e0000000, 0x00000000e9300000, 0x0000000100000000)
  eden space 126976K, 0% used [0x00000000e0000000,0x00000000e0000000,0x00000000e7c00000)
  from space 11776K, 0% used [0x00000000e8780000,0x00000000e8780000,0x00000000e9300000)
  to   space 11776K, 0% used [0x00000000e7c00000,0x00000000e7c00000,0x00000000e8780000)
 ParOldGen       total 84480K, used 16055K [0x00000000a0000000, 0x00000000a5280000, 0x00000000e0000000)
  object space 84480K, 19% used [0x00000000a0000000,0x00000000a0fade80,0x00000000a5280000)
 Metaspace       used 34316K, capacity 35400K, committed 35456K, reserved 1079296K
  class space    used 4699K, capacity 4940K, committed 4992K, reserved 1048576K
}
Event: 6.411 GC heap before
{Heap before GC invocations=11 (full 2):
 PSYoungGen      total 138752K, used 126976K [0x00000000e0000000, 0x00000000e9300000, 0x0000000100000000)
  eden space 126976K, 100% used [0x00000000e0000000,0x00000000e7c00000,0x00000000e7c00000)
  from space 11776K, 0% used [0x00000000e8780000,0x00000000e8780000,0x00000000e9300000)
  to   space 11776K, 0% used [0x00000000e7c00000,0x00000000e7c00000,0x00000000e8780000)
 ParOldGen       total 84480K, used 16055K [0x00000000a0000000, 0x00000000a5280000, 0x00000000e0000000)
  object space 84480K, 19% used [0x00000000a0000000,0x00000000a0fade80,0x00000000a5280000)
 Metaspace       used 37621K, capacity 39300K, committed 39680K, reserved 1083392K
  class space    used 5148K, capacity 5507K, committed 5632K, reserved 1048576K
Event: 6.420 GC heap after
Heap after GC invocations=11 (full 2):
 PSYoungGen      total 138752K, used 6154K [0x00000000e0000000, 0x00000000eba00000, 0x0000000100000000)
  eden space 126976K, 0% used [0x00000000e0000000,0x00000000e0000000,0x00000000e7c00000)
  from space 11776K, 52% used [0x00000000e7c00000,0x00000000e8202bf8,0x00000000e8780000)
  to   space 14336K, 0% used [0x00000000eac00000,0x00000000eac00000,0x00000000eba00000)
 ParOldGen       total 84480K, used 16063K [0x00000000a0000000, 0x00000000a5280000, 0x00000000e0000000)
  object space 84480K, 19% used [0x00000000a0000000,0x00000000a0fafe80,0x00000000a5280000)
 Metaspace       used 37621K, capacity 39300K, committed 39680K, reserved 1083392K
  class space    used 5148K, capacity 5507K, committed 5632K, reserved 1048576K
}
Event: 8.118 GC heap before
{Heap before GC invocations=12 (full 2):
 PSYoungGen      total 138752K, used 133130K [0x00000000e0000000, 0x00000000eba00000, 0x0000000100000000)
  eden space 126976K, 100% used [0x00000000e0000000,0x00000000e7c00000,0x00000000e7c00000)
  from space 11776K, 52% used [0x00000000e7c00000,0x00000000e8202bf8,0x00000000e8780000)
  to   space 14336K, 0% used [0x00000000eac00000,0x00000000eac00000,0x00000000eba00000)
 ParOldGen       total 84480K, used 16063K [0x00000000a0000000, 0x00000000a5280000, 0x00000000e0000000)
  object space 84480K, 19% used [0x00000000a0000000,0x00000000a0fafe80,0x00000000a5280000)
 Metaspace       used 48857K, capacity 50876K, committed 51072K, reserved 1093632K
  class space    used 6571K, capacity 6981K, committed 7040K, reserved 1048576K
Event: 8.132 GC heap after
Heap after GC invocations=12 (full 2):
 PSYoungGen      total 173056K, used 14305K [0x00000000e0000000, 0x00000000ebd00000, 0x0000000100000000)
  eden space 158720K, 0% used [0x00000000e0000000,0x00000000e0000000,0x00000000e9b00000)
  from space 14336K, 99% used [0x00000000eac00000,0x00000000eb9f8650,0x00000000eba00000)
  to   space 17408K, 0% used [0x00000000e9b00000,0x00000000e9b00000,0x00000000eac00000)
 ParOldGen       total 84480K, used 19619K [0x00000000a0000000, 0x00000000a5280000, 0x00000000e0000000)
  object space 84480K, 23% used [0x00000000a0000000,0x00000000a1328c60,0x00000000a5280000)
 Metaspace       used 48857K, capacity 50876K, committed 51072K, reserved 1093632K
  class space    used 6571K, capacity 6981K, committed 7040K, reserved 1048576K
}
Event: 9.318 GC heap before
{Heap before GC invocations=13 (full 2):
 PSYoungGen      total 173056K, used 173025K [0x00000000e0000000, 0x00000000ebd00000, 0x0000000100000000)
  eden space 158720K, 100% used [0x00000000e0000000,0x00000000e9b00000,0x00000000e9b00000)
  from space 14336K, 99% used [0x00000000eac00000,0x00000000eb9f8650,0x00000000eba00000)
  to   space 17408K, 0% used [0x00000000e9b00000,0x00000000e9b00000,0x00000000eac00000)
 ParOldGen       total 84480K, used 19619K [0x00000000a0000000, 0x00000000a5280000, 0x00000000e0000000)
  object space 84480K, 23% used [0x00000000a0000000,0x00000000a1328c60,0x00000000a5280000)
 Metaspace       used 54296K, capacity 56758K, committed 57088K, reserved 1097728K
  class space    used 7277K, capacity 7810K, committed 7936K, reserved 1048576K
Event: 9.342 GC heap after
Heap after GC invocations=13 (full 2):
 PSYoungGen      total 176128K, used 17381K [0x00000000e0000000, 0x00000000eec00000, 0x0000000100000000)
  eden space 158720K, 0% used [0x00000000e0000000,0x00000000e0000000,0x00000000e9b00000)
  from space 17408K, 99% used [0x00000000e9b00000,0x00000000eabf9730,0x00000000eac00000)
  to   space 20992K, 0% used [0x00000000ed780000,0x00000000ed780000,0x00000000eec00000)
 ParOldGen       total 84480K, used 23085K [0x00000000a0000000, 0x00000000a5280000, 0x00000000e0000000)
  object space 84480K, 27% used [0x00000000a0000000,0x00000000a168b798,0x00000000a5280000)
 Metaspace       used 54296K, capacity 56758K, committed 57088K, reserved 1097728K
  class space    used 7277K, capacity 7810K, committed 7936K, reserved 1048576K
}

