# JRE version: OpenJDK Runtime Environment (8.0_242-b01) (build 1.8.0_242-release-1644-b01)
# Java VM: OpenJDK 64-Bit Server VM (25.242-b01 mixed mode windows-amd64 compressed oops)
Heap:
 PSYoungGen      total 66560K, used 55548K [0x00000000e0000000, 0x00000000e5000000, 0x0000000100000000)
  eden space 58368K, 89% used [0x00000000e0000000,0x00000000e32cd148,0x00000000e3900000)
  from space 8192K, 43% used [0x00000000e4800000,0x00000000e4b72280,0x00000000e5000000)
  to   space 11776K, 0% used [0x00000000e3900000,0x00000000e3900000,0x00000000e4480000)
 ParOldGen       total 60928K, used 15518K [0x00000000a0000000, 0x00000000a3b80000, 0x00000000e0000000)
  object space 60928K, 25% used [0x00000000a0000000,0x00000000a0f27a30,0x00000000a3b80000)
 Metaspace       used 37378K, capacity 39032K, committed 39296K, reserved 1083392K
  class space    used 5125K, capacity 5456K, committed 5504K, reserved 1048576K
GC Heap History (10 events):
Event: 6.262 GC heap before
{Heap before GC invocations=12 (full 1):
 PSYoungGen      total 42496K, used 39194K [0x00000000e0000000, 0x00000000e3380000, 0x0000000100000000)
  eden space 33280K, 100% used [0x00000000e0000000,0x00000000e2080000,0x00000000e2080000)
  from space 9216K, 64% used [0x00000000e2a80000,0x00000000e30468e8,0x00000000e3380000)
  to   space 9728K, 0% used [0x00000000e2080000,0x00000000e2080000,0x00000000e2a00000)
 ParOldGen       total 60928K, used 8571K [0x00000000a0000000, 0x00000000a3b80000, 0x00000000e0000000)
  object space 60928K, 14% used [0x00000000a0000000,0x00000000a085ede8,0x00000000a3b80000)
 Metaspace       used 32326K, capacity 33312K, committed 33408K, reserved 1077248K
  class space    used 4479K, capacity 4723K, committed 4736K, reserved 1048576K
Event: 6.269 GC heap after
Heap after GC invocations=12 (full 1):
 PSYoungGen      total 43008K, used 8541K [0x00000000e0000000, 0x00000000e3f00000, 0x0000000100000000)
  eden space 33280K, 0% used [0x00000000e0000000,0x00000000e0000000,0x00000000e2080000)
  from space 9728K, 87% used [0x00000000e2080000,0x00000000e28d7520,0x00000000e2a00000)
  to   space 10752K, 0% used [0x00000000e3480000,0x00000000e3480000,0x00000000e3f00000)
 ParOldGen       total 60928K, used 8579K [0x00000000a0000000, 0x00000000a3b80000, 0x00000000e0000000)
  object space 60928K, 14% used [0x00000000a0000000,0x00000000a0860de8,0x00000000a3b80000)
 Metaspace       used 32326K, capacity 33312K, committed 33408K, reserved 1077248K
  class space    used 4479K, capacity 4723K, committed 4736K, reserved 1048576K
}
Event: 6.464 GC heap before
{Heap before GC invocations=13 (full 1):
 PSYoungGen      total 43008K, used 41821K [0x00000000e0000000, 0x00000000e3f00000, 0x0000000100000000)
  eden space 33280K, 100% used [0x00000000e0000000,0x00000000e2080000,0x00000000e2080000)
  from space 9728K, 87% used [0x00000000e2080000,0x00000000e28d7520,0x00000000e2a00000)
  to   space 10752K, 0% used [0x00000000e3480000,0x00000000e3480000,0x00000000e3f00000)
 ParOldGen       total 60928K, used 8579K [0x00000000a0000000, 0x00000000a3b80000, 0x00000000e0000000)
  object space 60928K, 14% used [0x00000000a0000000,0x00000000a0860de8,0x00000000a3b80000)
 Metaspace       used 33887K, capacity 34962K, committed 35200K, reserved 1079296K
  class space    used 4635K, capacity 4905K, committed 4992K, reserved 1048576K
Event: 6.472 GC heap after
Heap after GC invocations=13 (full 1):
 PSYoungGen      total 53248K, used 9204K [0x00000000e0000000, 0x00000000e4200000, 0x0000000100000000)
  eden space 42496K, 0% used [0x00000000e0000000,0x00000000e0000000,0x00000000e2980000)
  from space 10752K, 85% used [0x00000000e3480000,0x00000000e3d7d358,0x00000000e3f00000)
  to   space 11264K, 0% used [0x00000000e2980000,0x00000000e2980000,0x00000000e3480000)
 ParOldGen       total 60928K, used 8587K [0x00000000a0000000, 0x00000000a3b80000, 0x00000000e0000000)
  object space 60928K, 14% used [0x00000000a0000000,0x00000000a0862de8,0x00000000a3b80000)
 Metaspace       used 33887K, capacity 34962K, committed 35200K, reserved 1079296K
  class space    used 4635K, capacity 4905K, committed 4992K, reserved 1048576K
}
Event: 6.516 GC heap before
{Heap before GC invocations=14 (full 1):
 PSYoungGen      total 53248K, used 16641K [0x00000000e0000000, 0x00000000e4200000, 0x0000000100000000)
  eden space 42496K, 17% used [0x00000000e0000000,0x00000000e0743278,0x00000000e2980000)
  from space 10752K, 85% used [0x00000000e3480000,0x00000000e3d7d358,0x00000000e3f00000)
  to   space 11264K, 0% used [0x00000000e2980000,0x00000000e2980000,0x00000000e3480000)
 ParOldGen       total 60928K, used 8587K [0x00000000a0000000, 0x00000000a3b80000, 0x00000000e0000000)
  object space 60928K, 14% used [0x00000000a0000000,0x00000000a0862de8,0x00000000a3b80000)
 Metaspace       used 34211K, capacity 35344K, committed 35456K, reserved 1079296K
  class space    used 4687K, capacity 4942K, committed 4992K, reserved 1048576K
Event: 6.523 GC heap after
Heap after GC invocations=14 (full 1):
 PSYoungGen      total 53760K, used 8800K [0x00000000e0000000, 0x00000000e5380000, 0x0000000100000000)
  eden space 42496K, 0% used [0x00000000e0000000,0x00000000e0000000,0x00000000e2980000)
  from space 11264K, 78% used [0x00000000e2980000,0x00000000e3218000,0x00000000e3480000)
  to   space 11776K, 0% used [0x00000000e4800000,0x00000000e4800000,0x00000000e5380000)
 ParOldGen       total 60928K, used 8587K [0x00000000a0000000, 0x00000000a3b80000, 0x00000000e0000000)
  object space 60928K, 14% used [0x00000000a0000000,0x00000000a0862de8,0x00000000a3b80000)
 Metaspace       used 34211K, capacity 35344K, committed 35456K, reserved 1079296K
  class space    used 4687K, capacity 4942K, committed 4992K, reserved 1048576K
}
Event: 6.523 GC heap before
{Heap before GC invocations=15 (full 2):
 PSYoungGen      total 53760K, used 8800K [0x00000000e0000000, 0x00000000e5380000, 0x0000000100000000)
  eden space 42496K, 0% used [0x00000000e0000000,0x00000000e0000000,0x00000000e2980000)
  from space 11264K, 78% used [0x00000000e2980000,0x00000000e3218000,0x00000000e3480000)
  to   space 11776K, 0% used [0x00000000e4800000,0x00000000e4800000,0x00000000e5380000)
 ParOldGen       total 60928K, used 8587K [0x00000000a0000000, 0x00000000a3b80000, 0x00000000e0000000)
  object space 60928K, 14% used [0x00000000a0000000,0x00000000a0862de8,0x00000000a3b80000)
 Metaspace       used 34211K, capacity 35344K, committed 35456K, reserved 1079296K
  class space    used 4687K, capacity 4942K, committed 4992K, reserved 1048576K
Event: 6.596 GC heap after
Heap after GC invocations=15 (full 2):
 PSYoungGen      total 53760K, used 0K [0x00000000e0000000, 0x00000000e5380000, 0x0000000100000000)
  eden space 42496K, 0% used [0x00000000e0000000,0x00000000e0000000,0x00000000e2980000)
  from space 11264K, 0% used [0x00000000e2980000,0x00000000e2980000,0x00000000e3480000)
  to   space 11776K, 0% used [0x00000000e4800000,0x00000000e4800000,0x00000000e5380000)
 ParOldGen       total 60928K, used 15510K [0x00000000a0000000, 0x00000000a3b80000, 0x00000000e0000000)
  object space 60928K, 25% used [0x00000000a0000000,0x00000000a0f25a30,0x00000000a3b80000)
 Metaspace       used 34211K, capacity 35344K, committed 35456K, reserved 1079296K
  class space    used 4687K, capacity 4942K, committed 4992K, reserved 1048576K
}
Event: 7.010 GC heap before
{Heap before GC invocations=16 (full 2):
 PSYoungGen      total 53760K, used 42496K [0x00000000e0000000, 0x00000000e5380000, 0x0000000100000000)
  eden space 42496K, 100% used [0x00000000e0000000,0x00000000e2980000,0x00000000e2980000)
  from space 11264K, 0% used [0x00000000e2980000,0x00000000e2980000,0x00000000e3480000)
  to   space 11776K, 0% used [0x00000000e4800000,0x00000000e4800000,0x00000000e5380000)
 ParOldGen       total 60928K, used 15510K [0x00000000a0000000, 0x00000000a3b80000, 0x00000000e0000000)
  object space 60928K, 25% used [0x00000000a0000000,0x00000000a0f25a30,0x00000000a3b80000)
 Metaspace       used 36408K, capacity 37698K, committed 37888K, reserved 1081344K
  class space    used 5005K, capacity 5315K, committed 5376K, reserved 1048576K
Event: 7.014 GC heap after
Heap after GC invocations=16 (full 2):
 PSYoungGen      total 66560K, used 3528K [0x00000000e0000000, 0x00000000e5000000, 0x0000000100000000)
  eden space 58368K, 0% used [0x00000000e0000000,0x00000000e0000000,0x00000000e3900000)
  from space 8192K, 43% used [0x00000000e4800000,0x00000000e4b72280,0x00000000e5000000)
  to   space 11776K, 0% used [0x00000000e3900000,0x00000000e3900000,0x00000000e4480000)
 ParOldGen       total 60928K, used 15518K [0x00000000a0000000, 0x00000000a3b80000, 0x00000000e0000000)
  object space 60928K, 25% used [0x00000000a0000000,0x00000000a0f27a30,0x00000000a3b80000)
 Metaspace       used 36408K, capacity 37698K, committed 37888K, reserved 1081344K
  class space    used 5005K, capacity 5315K, committed 5376K, reserved 1048576K
}

