# JRE version: OpenJDK Runtime Environment (8.0_242-b01) (build 1.8.0_242-release-1644-b01)
# Java VM: OpenJDK 64-Bit Server VM (25.242-b01 mixed mode windows-amd64 compressed oops)
Heap:
 PSYoungGen      total 240128K, used 57615K [0x00000000e0000000, 0x00000000f3a80000, 0x0000000100000000)
  eden space 222208K, 25% used [0x00000000e0000000,0x00000000e3843c58,0x00000000ed900000)
  from space 17920K, 0% used [0x00000000ed900000,0x00000000ed900000,0x00000000eea80000)
  to   space 22016K, 0% used [0x00000000f2500000,0x00000000f2500000,0x00000000f3a80000)
 ParOldGen       total 97792K, used 36267K [0x00000000a0000000, 0x00000000a5f80000, 0x00000000e0000000)
  object space 97792K, 37% used [0x00000000a0000000,0x00000000a236ae68,0x00000000a5f80000)
 Metaspace       used 60119K, capacity 63044K, committed 63192K, reserved 1103872K
  class space    used 8205K, capacity 8793K, committed 8920K, reserved 1048576K
GC Heap History (10 events):
Event: 4.683 GC heap before
{Heap before GC invocations=10 (full 2):
 PSYoungGen      total 193024K, used 9619K [0x00000000e0000000, 0x00000000ed800000, 0x0000000100000000)
  eden space 179712K, 0% used [0x00000000e0000000,0x00000000e0000000,0x00000000eaf80000)
  from space 13312K, 72% used [0x00000000ebd00000,0x00000000ec664f90,0x00000000eca00000)
  to   space 13824K, 0% used [0x00000000eaf80000,0x00000000eaf80000,0x00000000ebd00000)
 ParOldGen       total 65536K, used 15500K [0x00000000a0000000, 0x00000000a4000000, 0x00000000e0000000)
  object space 65536K, 23% used [0x00000000a0000000,0x00000000a0f233d0,0x00000000a4000000)
 Metaspace       used 34307K, capacity 35400K, committed 35456K, reserved 1079296K
  class space    used 4698K, capacity 4940K, committed 4992K, reserved 1048576K
Event: 4.737 GC heap after
Heap after GC invocations=10 (full 2):
 PSYoungGen      total 193024K, used 0K [0x00000000e0000000, 0x00000000ed800000, 0x0000000100000000)
  eden space 179712K, 0% used [0x00000000e0000000,0x00000000e0000000,0x00000000eaf80000)
  from space 13312K, 0% used [0x00000000ebd00000,0x00000000ebd00000,0x00000000eca00000)
  to   space 13824K, 0% used [0x00000000eaf80000,0x00000000eaf80000,0x00000000ebd00000)
 ParOldGen       total 97792K, used 16242K [0x00000000a0000000, 0x00000000a5f80000, 0x00000000e0000000)
  object space 97792K, 16% used [0x00000000a0000000,0x00000000a0fdcb98,0x00000000a5f80000)
 Metaspace       used 34307K, capacity 35400K, committed 35456K, reserved 1079296K
  class space    used 4698K, capacity 4940K, committed 4992K, reserved 1048576K
}
Event: 6.258 GC heap before
{Heap before GC invocations=11 (full 2):
 PSYoungGen      total 193024K, used 179712K [0x00000000e0000000, 0x00000000ed800000, 0x0000000100000000)
  eden space 179712K, 100% used [0x00000000e0000000,0x00000000eaf80000,0x00000000eaf80000)
  from space 13312K, 0% used [0x00000000ebd00000,0x00000000ebd00000,0x00000000eca00000)
  to   space 13824K, 0% used [0x00000000eaf80000,0x00000000eaf80000,0x00000000ebd00000)
 ParOldGen       total 97792K, used 16242K [0x00000000a0000000, 0x00000000a5f80000, 0x00000000e0000000)
  object space 97792K, 16% used [0x00000000a0000000,0x00000000a0fdcb98,0x00000000a5f80000)
 Metaspace       used 40298K, capacity 42180K, committed 42368K, reserved 1085440K
  class space    used 5515K, capacity 5904K, committed 6016K, reserved 1048576K
Event: 6.270 GC heap after
Heap after GC invocations=11 (full 2):
 PSYoungGen      total 193536K, used 9738K [0x00000000e0000000, 0x00000000ef800000, 0x0000000100000000)
  eden space 179712K, 0% used [0x00000000e0000000,0x00000000e0000000,0x00000000eaf80000)
  from space 13824K, 70% used [0x00000000eaf80000,0x00000000eb902968,0x00000000ebd00000)
  to   space 13824K, 0% used [0x00000000eea80000,0x00000000eea80000,0x00000000ef800000)
 ParOldGen       total 97792K, used 16250K [0x00000000a0000000, 0x00000000a5f80000, 0x00000000e0000000)
  object space 97792K, 16% used [0x00000000a0000000,0x00000000a0fdeb98,0x00000000a5f80000)
 Metaspace       used 40298K, capacity 42180K, committed 42368K, reserved 1085440K
  class space    used 5515K, capacity 5904K, committed 6016K, reserved 1048576K
}
Event: 7.841 GC heap before
{Heap before GC invocations=12 (full 2):
 PSYoungGen      total 193536K, used 189450K [0x00000000e0000000, 0x00000000ef800000, 0x0000000100000000)
  eden space 179712K, 100% used [0x00000000e0000000,0x00000000eaf80000,0x00000000eaf80000)
  from space 13824K, 70% used [0x00000000eaf80000,0x00000000eb902968,0x00000000ebd00000)
  to   space 13824K, 0% used [0x00000000eea80000,0x00000000eea80000,0x00000000ef800000)
 ParOldGen       total 97792K, used 16250K [0x00000000a0000000, 0x00000000a5f80000, 0x00000000e0000000)
  object space 97792K, 16% used [0x00000000a0000000,0x00000000a0fdeb98,0x00000000a5f80000)
 Metaspace       used 53261K, capacity 55502K, committed 55680K, reserved 1097728K
  class space    used 7098K, capacity 7544K, committed 7552K, reserved 1048576K
Event: 7.860 GC heap after
Heap after GC invocations=12 (full 2):
 PSYoungGen      total 236032K, used 13807K [0x00000000e0000000, 0x00000000efe00000, 0x0000000100000000)
  eden space 222208K, 0% used [0x00000000e0000000,0x00000000e0000000,0x00000000ed900000)
  from space 13824K, 99% used [0x00000000eea80000,0x00000000ef7fbf20,0x00000000ef800000)
  to   space 17920K, 0% used [0x00000000ed900000,0x00000000ed900000,0x00000000eea80000)
 ParOldGen       total 97792K, used 23184K [0x00000000a0000000, 0x00000000a5f80000, 0x00000000e0000000)
  object space 97792K, 23% used [0x00000000a0000000,0x00000000a16a42f8,0x00000000a5f80000)
 Metaspace       used 53261K, capacity 55502K, committed 55680K, reserved 1097728K
  class space    used 7098K, capacity 7544K, committed 7552K, reserved 1048576K
}
Event: 9.623 GC heap before
{Heap before GC invocations=13 (full 2):
 PSYoungGen      total 236032K, used 148771K [0x00000000e0000000, 0x00000000efe00000, 0x0000000100000000)
  eden space 222208K, 60% used [0x00000000e0000000,0x00000000e83cccf0,0x00000000ed900000)
  from space 13824K, 99% used [0x00000000eea80000,0x00000000ef7fbf20,0x00000000ef800000)
  to   space 17920K, 0% used [0x00000000ed900000,0x00000000ed900000,0x00000000eea80000)
 ParOldGen       total 97792K, used 23184K [0x00000000a0000000, 0x00000000a5f80000, 0x00000000e0000000)
  object space 97792K, 23% used [0x00000000a0000000,0x00000000a16a42f8,0x00000000a5f80000)
 Metaspace       used 56371K, capacity 59024K, committed 59096K, reserved 1099776K
  class space    used 7540K, capacity 8083K, committed 8152K, reserved 1048576K
Event: 9.655 GC heap after
Heap after GC invocations=13 (full 2):
 PSYoungGen      total 240128K, used 17890K [0x00000000e0000000, 0x00000000f3a80000, 0x0000000100000000)
  eden space 222208K, 0% used [0x00000000e0000000,0x00000000e0000000,0x00000000ed900000)
  from space 17920K, 99% used [0x00000000ed900000,0x00000000eea78950,0x00000000eea80000)
  to   space 22016K, 0% used [0x00000000f2500000,0x00000000f2500000,0x00000000f3a80000)
 ParOldGen       total 97792K, used 26772K [0x00000000a0000000, 0x00000000a5f80000, 0x00000000e0000000)
  object space 97792K, 27% used [0x00000000a0000000,0x00000000a1a25060,0x00000000a5f80000)
 Metaspace       used 56371K, capacity 59024K, committed 59096K, reserved 1099776K
  class space    used 7540K, capacity 8083K, committed 8152K, reserved 1048576K
}
Event: 9.655 GC heap before
{Heap before GC invocations=14 (full 3):
 PSYoungGen      total 240128K, used 17890K [0x00000000e0000000, 0x00000000f3a80000, 0x0000000100000000)
  eden space 222208K, 0% used [0x00000000e0000000,0x00000000e0000000,0x00000000ed900000)
  from space 17920K, 99% used [0x00000000ed900000,0x00000000eea78950,0x00000000eea80000)
  to   space 22016K, 0% used [0x00000000f2500000,0x00000000f2500000,0x00000000f3a80000)
 ParOldGen       total 97792K, used 26772K [0x00000000a0000000, 0x00000000a5f80000, 0x00000000e0000000)
  object space 97792K, 27% used [0x00000000a0000000,0x00000000a1a25060,0x00000000a5f80000)
 Metaspace       used 56371K, capacity 59024K, committed 59096K, reserved 1099776K
  class space    used 7540K, capacity 8083K, committed 8152K, reserved 1048576K
Event: 10.038 GC heap after
Heap after GC invocations=14 (full 3):
 PSYoungGen      total 240128K, used 0K [0x00000000e0000000, 0x00000000f3a80000, 0x0000000100000000)
  eden space 222208K, 0% used [0x00000000e0000000,0x00000000e0000000,0x00000000ed900000)
  from space 17920K, 0% used [0x00000000ed900000,0x00000000ed900000,0x00000000eea80000)
  to   space 22016K, 0% used [0x00000000f2500000,0x00000000f2500000,0x00000000f3a80000)
 ParOldGen       total 97792K, used 36267K [0x00000000a0000000, 0x00000000a5f80000, 0x00000000e0000000)
  object space 97792K, 37% used [0x00000000a0000000,0x00000000a236ae68,0x00000000a5f80000)
 Metaspace       used 56351K, capacity 58958K, committed 59096K, reserved 1099776K
  class space    used 7534K, capacity 8072K, committed 8152K, reserved 1048576K
}

