# JRE version: OpenJDK Runtime Environment (8.0_242-b01) (build 1.8.0_242-release-1644-b01)
# Java VM: OpenJDK 64-Bit Server VM (25.242-b01 mixed mode windows-amd64 compressed oops)
Heap:
 PSYoungGen      total 207360K, used 51079K [0x00000000e0000000, 0x00000000edf80000, 0x0000000100000000)
  eden space 195584K, 26% used [0x00000000e0000000,0x00000000e31e1c88,0x00000000ebf00000)
  from space 11776K, 0% used [0x00000000ece80000,0x00000000ece80000,0x00000000eda00000)
  to   space 15872K, 0% used [0x00000000ebf00000,0x00000000ebf00000,0x00000000ece80000)
 ParOldGen       total 101376K, used 33223K [0x00000000a0000000, 0x00000000a6300000, 0x00000000e0000000)
  object space 101376K, 32% used [0x00000000a0000000,0x00000000a2071db8,0x00000000a6300000)
 Metaspace       used 59816K, capacity 62478K, committed 62808K, reserved 1103872K
  class space    used 8158K, capacity 8750K, committed 8832K, reserved 1048576K
GC Heap History (10 events):
Event: 11.255 GC heap before
{Heap before GC invocations=13 (full 2):
 PSYoungGen      total 143360K, used 131072K [0x00000000e0000000, 0x00000000ed280000, 0x0000000100000000)
  eden space 131072K, 100% used [0x00000000e0000000,0x00000000e8000000,0x00000000e8000000)
  from space 12288K, 0% used [0x00000000e8c00000,0x00000000e8c00000,0x00000000e9800000)
  to   space 12288K, 0% used [0x00000000e8000000,0x00000000e8000000,0x00000000e8c00000)
 ParOldGen       total 68096K, used 14930K [0x00000000a0000000, 0x00000000a4280000, 0x00000000e0000000)
  object space 68096K, 21% used [0x00000000a0000000,0x00000000a0e94b78,0x00000000a4280000)
 Metaspace       used 37326K, capacity 38804K, committed 39040K, reserved 1083392K
  class space    used 5109K, capacity 5428K, committed 5504K, reserved 1048576K
Event: 11.269 GC heap after
Heap after GC invocations=13 (full 2):
 PSYoungGen      total 143360K, used 5112K [0x00000000e0000000, 0x00000000eda00000, 0x0000000100000000)
  eden space 131072K, 0% used [0x00000000e0000000,0x00000000e0000000,0x00000000e8000000)
  from space 12288K, 41% used [0x00000000e8000000,0x00000000e84fe098,0x00000000e8c00000)
  to   space 11776K, 0% used [0x00000000ece80000,0x00000000ece80000,0x00000000eda00000)
 ParOldGen       total 68096K, used 14938K [0x00000000a0000000, 0x00000000a4280000, 0x00000000e0000000)
  object space 68096K, 21% used [0x00000000a0000000,0x00000000a0e96b78,0x00000000a4280000)
 Metaspace       used 37326K, capacity 38804K, committed 39040K, reserved 1083392K
  class space    used 5109K, capacity 5428K, committed 5504K, reserved 1048576K
}
Event: 14.737 GC heap before
{Heap before GC invocations=14 (full 2):
 PSYoungGen      total 143360K, used 136184K [0x00000000e0000000, 0x00000000eda00000, 0x0000000100000000)
  eden space 131072K, 100% used [0x00000000e0000000,0x00000000e8000000,0x00000000e8000000)
  from space 12288K, 41% used [0x00000000e8000000,0x00000000e84fe098,0x00000000e8c00000)
  to   space 11776K, 0% used [0x00000000ece80000,0x00000000ece80000,0x00000000eda00000)
 ParOldGen       total 68096K, used 14938K [0x00000000a0000000, 0x00000000a4280000, 0x00000000e0000000)
  object space 68096K, 21% used [0x00000000a0000000,0x00000000a0e96b78,0x00000000a4280000)
 Metaspace       used 48706K, capacity 50620K, committed 50816K, reserved 1093632K
  class space    used 6548K, capacity 6965K, committed 7040K, reserved 1048576K
Event: 14.764 GC heap after
Heap after GC invocations=14 (full 2):
 PSYoungGen      total 207360K, used 11758K [0x00000000e0000000, 0x00000000edf80000, 0x0000000100000000)
  eden space 195584K, 0% used [0x00000000e0000000,0x00000000e0000000,0x00000000ebf00000)
  from space 11776K, 99% used [0x00000000ece80000,0x00000000ed9fb8b0,0x00000000eda00000)
  to   space 15872K, 0% used [0x00000000ebf00000,0x00000000ebf00000,0x00000000ece80000)
 ParOldGen       total 68096K, used 21822K [0x00000000a0000000, 0x00000000a4280000, 0x00000000e0000000)
  object space 68096K, 32% used [0x00000000a0000000,0x00000000a154f840,0x00000000a4280000)
 Metaspace       used 48706K, capacity 50620K, committed 50816K, reserved 1093632K
  class space    used 6548K, capacity 6965K, committed 7040K, reserved 1048576K
}
Event: 19.987 GC heap before
{Heap before GC invocations=15 (full 2):
 PSYoungGen      total 207360K, used 207342K [0x00000000e0000000, 0x00000000edf80000, 0x0000000100000000)
  eden space 195584K, 100% used [0x00000000e0000000,0x00000000ebf00000,0x00000000ebf00000)
  from space 11776K, 99% used [0x00000000ece80000,0x00000000ed9fb8b0,0x00000000eda00000)
  to   space 15872K, 0% used [0x00000000ebf00000,0x00000000ebf00000,0x00000000ece80000)
 ParOldGen       total 68096K, used 21822K [0x00000000a0000000, 0x00000000a4280000, 0x00000000e0000000)
  object space 68096K, 32% used [0x00000000a0000000,0x00000000a154f840,0x00000000a4280000)
 Metaspace       used 56107K, capacity 58550K, committed 58752K, reserved 1099776K
  class space    used 7498K, capacity 8026K, committed 8064K, reserved 1048576K
Event: 20.091 GC heap after
Heap after GC invocations=15 (full 2):
 PSYoungGen      total 211456K, used 15176K [0x00000000e0000000, 0x00000000edf80000, 0x0000000100000000)
  eden space 195584K, 0% used [0x00000000e0000000,0x00000000e0000000,0x00000000ebf00000)
  from space 15872K, 95% used [0x00000000ebf00000,0x00000000ecdd2060,0x00000000ece80000)
  to   space 11776K, 0% used [0x00000000ece80000,0x00000000ece80000,0x00000000eda00000)
 ParOldGen       total 68096K, used 28084K [0x00000000a0000000, 0x00000000a4280000, 0x00000000e0000000)
  object space 68096K, 41% used [0x00000000a0000000,0x00000000a1b6d3e0,0x00000000a4280000)
 Metaspace       used 56107K, capacity 58550K, committed 58752K, reserved 1099776K
  class space    used 7498K, capacity 8026K, committed 8064K, reserved 1048576K
}
Event: 20.485 GC heap before
{Heap before GC invocations=16 (full 2):
 PSYoungGen      total 211456K, used 21840K [0x00000000e0000000, 0x00000000edf80000, 0x0000000100000000)
  eden space 195584K, 3% used [0x00000000e0000000,0x00000000e06822d8,0x00000000ebf00000)
  from space 15872K, 95% used [0x00000000ebf00000,0x00000000ecdd2060,0x00000000ece80000)
  to   space 11776K, 0% used [0x00000000ece80000,0x00000000ece80000,0x00000000eda00000)
 ParOldGen       total 68096K, used 28084K [0x00000000a0000000, 0x00000000a4280000, 0x00000000e0000000)
  object space 68096K, 41% used [0x00000000a0000000,0x00000000a1b6d3e0,0x00000000a4280000)
 Metaspace       used 56507K, capacity 58990K, committed 59096K, reserved 1099776K
  class space    used 7586K, capacity 8110K, committed 8192K, reserved 1048576K
Event: 20.543 GC heap after
Heap after GC invocations=16 (full 2):
 PSYoungGen      total 207360K, used 560K [0x00000000e0000000, 0x00000000edf80000, 0x0000000100000000)
  eden space 195584K, 0% used [0x00000000e0000000,0x00000000e0000000,0x00000000ebf00000)
  from space 11776K, 4% used [0x00000000ece80000,0x00000000ecf0c1c0,0x00000000eda00000)
  to   space 15872K, 0% used [0x00000000ebf00000,0x00000000ebf00000,0x00000000ece80000)
 ParOldGen       total 68096K, used 37950K [0x00000000a0000000, 0x00000000a4280000, 0x00000000e0000000)
  object space 68096K, 55% used [0x00000000a0000000,0x00000000a250fa28,0x00000000a4280000)
 Metaspace       used 56507K, capacity 58990K, committed 59096K, reserved 1099776K
  class space    used 7586K, capacity 8110K, committed 8192K, reserved 1048576K
}
Event: 20.543 GC heap before
{Heap before GC invocations=17 (full 3):
 PSYoungGen      total 207360K, used 560K [0x00000000e0000000, 0x00000000edf80000, 0x0000000100000000)
  eden space 195584K, 0% used [0x00000000e0000000,0x00000000e0000000,0x00000000ebf00000)
  from space 11776K, 4% used [0x00000000ece80000,0x00000000ecf0c1c0,0x00000000eda00000)
  to   space 15872K, 0% used [0x00000000ebf00000,0x00000000ebf00000,0x00000000ece80000)
 ParOldGen       total 68096K, used 37950K [0x00000000a0000000, 0x00000000a4280000, 0x00000000e0000000)
  object space 68096K, 55% used [0x00000000a0000000,0x00000000a250fa28,0x00000000a4280000)
 Metaspace       used 56507K, capacity 58990K, committed 59096K, reserved 1099776K
  class space    used 7586K, capacity 8110K, committed 8192K, reserved 1048576K
Event: 21.641 GC heap after
Heap after GC invocations=17 (full 3):
 PSYoungGen      total 207360K, used 0K [0x00000000e0000000, 0x00000000edf80000, 0x0000000100000000)
  eden space 195584K, 0% used [0x00000000e0000000,0x00000000e0000000,0x00000000ebf00000)
  from space 11776K, 0% used [0x00000000ece80000,0x00000000ece80000,0x00000000eda00000)
  to   space 15872K, 0% used [0x00000000ebf00000,0x00000000ebf00000,0x00000000ece80000)
 ParOldGen       total 101376K, used 33223K [0x00000000a0000000, 0x00000000a6300000, 0x00000000e0000000)
  object space 101376K, 32% used [0x00000000a0000000,0x00000000a2071db8,0x00000000a6300000)
 Metaspace       used 56496K, capacity 58954K, committed 59096K, reserved 1099776K
  class space    used 7582K, capacity 8104K, committed 8192K, reserved 1048576K
}

